[debug] [2022-02-21T14:08:38.678Z] ----------------------------------------------------------------------
[debug] [2022-02-21T14:08:38.679Z] Command:       /Users/keizi/.anyenv/envs/nodenv/versions/16.4.2/bin/node /usr/local/bin/firebase init
[debug] [2022-02-21T14:08:38.679Z] CLI Version:   10.2.1
[debug] [2022-02-21T14:08:38.679Z] Platform:      darwin
[debug] [2022-02-21T14:08:38.679Z] Node Version:  v16.4.2
[debug] [2022-02-21T14:08:38.680Z] Time:          Mon Feb 21 2022 23:08:38 GMT+0900 (日本標準時)
[debug] [2022-02-21T14:08:38.680Z] ----------------------------------------------------------------------
[debug] 
[debug] [2022-02-21T14:08:38.682Z] > command requires scopes: ["email","openid","https://www.googleapis.com/auth/cloudplatformprojects.readonly","https://www.googleapis.com/auth/firebase","https://www.googleapis.com/auth/cloud-platform"]
[debug] [2022-02-21T14:08:38.683Z] > authorizing via signed-in user (keizi81@gmail.com)
[info] 
     ######## #### ########  ######## ########     ###     ######  ########
     ##        ##  ##     ## ##       ##     ##  ##   ##  ##       ##
     ######    ##  ########  ######   ########  #########  ######  ######
     ##        ##  ##    ##  ##       ##     ## ##     ##       ## ##
     ##       #### ##     ## ######## ########  ##     ##  ######  ########

You're about to initialize a Firebase project in this directory:

  /Users/keizi/work/reactnative/pwa-app

[info] 
=== Project Setup
[info] 
[info] First, let's associate this project directory with a Firebase project.
[info] You can create multiple project aliases by running firebase use --add, 
[info] but for now we'll just set up a default project.
[info] 
[debug] [2022-02-21T14:10:11.377Z] > refreshing access token with scopes: []
[debug] [2022-02-21T14:10:11.378Z] >>> HTTP REQUEST POST https://www.googleapis.com/oauth2/v3/token  
 <request body omitted>
[debug] [2022-02-21T14:10:11.699Z] <<< HTTP RESPONSE 400 {"cache-control":"no-cache, no-store, max-age=0, must-revalidate","date":"Mon, 21 Feb 2022 14:10:11 GMT","pragma":"no-cache","expires":"Mon, 01 Jan 1990 00:00:00 GMT","content-type":"application/json; charset=utf-8","vary":"X-Origin, Referer, Origin,Accept-Encoding","server":"scaffolding on HTTPServer2","x-xss-protection":"0","x-frame-options":"SAMEORIGIN","x-content-type-options":"nosniff","alt-svc":"h3=\":443\"; ma=2592000,h3-29=\":443\"; ma=2592000,h3-Q050=\":443\"; ma=2592000,h3-Q046=\":443\"; ma=2592000,h3-Q043=\":443\"; ma=2592000,quic=\":443\"; ma=2592000; v=\"46,43\"","accept-ranges":"none","transfer-encoding":"chunked"}
[debug] [2022-02-21T14:10:11.705Z] >>> [apiv2][query] GET https://firebase.googleapis.com/v1beta1/projects pageSize=100
[debug] [2022-02-21T14:10:11.975Z] <<< [apiv2][status] GET https://firebase.googleapis.com/v1beta1/projects 401
[debug] [2022-02-21T14:10:11.975Z] <<< [apiv2][body] GET https://firebase.googleapis.com/v1beta1/projects [omitted]
[debug] [2022-02-21T14:10:11.975Z] HTTP Error: 401, Request had invalid authentication credentials. Expected OAuth 2 access token, login cookie or other valid authentication credential. See https://developers.google.com/identity/sign-in/web/devconsole-project.
[debug] [2022-02-21T14:10:12.243Z] FirebaseError: HTTP Error: 401, Request had invalid authentication credentials. Expected OAuth 2 access token, login cookie or other valid authentication credential. See https://developers.google.com/identity/sign-in/web/devconsole-project.
    at module.exports (/usr/local/lib/node_modules/firebase-tools/lib/responseToError.js:47:12)
    at RetryOperation._fn (/usr/local/lib/node_modules/firebase-tools/lib/apiv2.js:286:39)
    at processTicksAndRejections (node:internal/process/task_queues:96:5)
[error] 
[error] Error: Failed to list Firebase projects. See firebase-debug.log for more info.
